<?xml version="1.0" encoding="UTF-8"?>
<testng-results skipped="0" failed="0" ignored="0" total="1" passed="1">
  <reporter-output>
  </reporter-output>
  <suite name="Default suite" duration-ms="5320" started-at="2021-06-05T18:20:23Z" finished-at="2021-06-05T18:20:28Z">
    <groups>
    </groups>
    <test name="Default test" duration-ms="5320" started-at="2021-06-05T18:20:23Z" finished-at="2021-06-05T18:20:28Z">
      <class name="com.codedpractice.RadioButton">
        <test-method status="PASS" signature="test()[pri:0, instance:com.codedpractice.RadioButton@6f7fd0e6]" name="test" duration-ms="5280" started-at="2021-06-05T18:20:23Z" finished-at="2021-06-05T18:20:28Z">
          <reporter-output>
          </reporter-output>
        </test-method> <!-- test -->
      </class> <!-- com.codedpractice.RadioButton -->
    </test> <!-- Default test -->
  </suite> <!-- Default suite -->
</testng-results>
